<?xml version="1.0" encoding="UTF-8"?>
<!-- Generated by org.testng.reporters.JUnitXMLReporter -->
<testsuite hostname="family" name="FunctTest" tests="2" failures="0" timestamp="22 Aug 2016 19:36:05 GMT" time="0.048" errors="0">
  <testcase name="@BeforeSuite beforeSuite" time="0.0" classname="com.test.HomePageTest">
    <failure type="java.lang.NoClassDefFoundError" message="org/openqa/selenium/WebDriver">
      <![CDATA[java.lang.NoClassDefFoundError: org/openqa/selenium/WebDriver
	at com.base.BaseTest.beforeSuite(BaseTest.java:23)
Caused by: java.lang.ClassNotFoundException: org.openqa.selenium.WebDriver
	at java.net.URLClassLoader.findClass(URLClassLoader.java:381)
	at java.lang.ClassLoader.loadClass(ClassLoader.java:424)
	at sun.misc.Launcher$AppClassLoader.loadClass(Launcher.java:331)
	at java.lang.ClassLoader.loadClass(ClassLoader.java:357)
	... 19 more
... Removed 18 stack frames]]>
    </failure>
  </testcase> <!-- @BeforeSuite beforeSuite -->
  <testcase name="@BeforeClass beforeClass" time="0.0" classname="com.test.HomePageTest">
    <skipped/>
  </testcase> <!-- @BeforeClass beforeClass -->
  <testcase name="testLoginLink" time="0.0" classname="com.test.HomePageTest">
    <skipped/>
  </testcase> <!-- testLoginLink -->
  <testcase name="testSocialLinks" time="0.0" classname="com.test.HomePageTest">
    <skipped/>
  </testcase> <!-- testSocialLinks -->
</testsuite> <!-- FunctTest -->
